<?xml version="1.0" encoding="UTF-8"?>
<!-- Generated by org.testng.reporters.JUnitXMLReporter -->
<testsuite ignored="0" hostname="DESKTOP-K9IN149" failures="0" tests="4" name="Test" time="11.711" errors="0" timestamp="2023-02-09T16:36:34 IST">
  <testcase classname="api.test.UserTests" name="testPostUser" time="4.778"/>
  <testcase classname="api.test.UserTests" name="testGetUserByName" time="1.318"/>
  <testcase classname="api.test.UserTests" name="testUpdateUserByName" time="2.466"/>
  <testcase classname="api.test.UserTests" name="testDeleteUserByName" time="1.209"/>
</testsuite> <!-- Test -->
