<?xml version="1.0" encoding="UTF-8"?>
<!-- Generated by org.testng.reporters.JUnitXMLReporter -->
<testsuite ignored="0" hostname="DESKTOP-K9IN149" failures="0" tests="4" name="PetTests" time="11.505" errors="0" timestamp="2023-02-09T17:37:35 IST">
  <testcase classname="api.test.UserTests2" name="testPostUser" time="4.387"/>
  <testcase classname="api.test.UserTests2" name="testGetUserByName" time="1.28"/>
  <testcase classname="api.test.UserTests2" name="testUpdateUserByName" time="3.369"/>
  <testcase classname="api.test.UserTests2" name="testDeleteUserByName" time="1.25"/>
</testsuite> <!-- PetTests -->
