<?xml version="1.0" encoding="UTF-8"?>
<!-- Generated by org.testng.reporters.JUnitXMLReporter -->
<testsuite ignored="0" hostname="DESKTOP-K9IN149" failures="0" tests="4" name="PetTests" time="11.347" errors="0" timestamp="2023-02-09T17:07:24 IST">
  <testcase classname="api.test.UserTests2" name="testPostUser" time="4.395"/>
  <testcase classname="api.test.UserTests2" name="testGetUserByName" time="1.335"/>
  <testcase classname="api.test.UserTests2" name="testUpdateUserByName" time="2.577"/>
  <testcase classname="api.test.UserTests2" name="testDeleteUserByName" time="1.279"/>
</testsuite> <!-- PetTests -->
